
2024/02/28 (20:20:22) | ===> btop++ v.1.3.2
2024/02/28 (20:20:22) | ERROR: No UTF-8 locale detected!
Use --utf-force argument to force start if you're sure your terminal can handle it.

2024/02/28 (20:20:35) | ===> btop++ v.1.3.2
2024/02/28 (20:20:35) | WARNING: No UTF-8 locale detected! Forcing start with --utf-force argument.

2024/02/28 (20:25:31) | ===> btop++ v.1.3.2
2024/02/28 (20:25:31) | ERROR: No UTF-8 locale detected!
Use --utf-force argument to force start if you're sure your terminal can handle it.

2024/02/28 (20:28:13) | ===> btop++ v.1.3.2
2024/02/28 (20:28:13) | ERROR: No UTF-8 locale detected!
Use --utf-force argument to force start if you're sure your terminal can handle it.

2024/02/28 (20:28:18) | ===> btop++ v.1.3.2
2024/02/28 (20:28:18) | WARNING: No UTF-8 locale detected! Forcing start with --utf-force argument.

2024/02/28 (20:28:54) | ===> btop++ v.1.3.2
2024/02/28 (20:28:54) | ERROR: No UTF-8 locale detected!
Use --utf-force argument to force start if you're sure your terminal can handle it.

2024/02/28 (22:18:19) | ===> btop++ v.1.3.2
2024/02/28 (22:18:19) | ERROR: No UTF-8 locale detected!
Use --utf-force argument to force start if you're sure your terminal can handle it.

2024/02/28 (22:18:30) | ===> btop++ v.1.3.2
2024/02/28 (22:18:30) | ERROR: No UTF-8 locale detected!
Use --utf-force argument to force start if you're sure your terminal can handle it.

2024/02/28 (22:18:37) | ===> btop++ v.1.3.2
2024/02/28 (22:18:37) | WARNING: No UTF-8 locale detected! Forcing start with --utf-force argument.

2024/03/09 (15:31:50) | ===> btop++ v.1.3.2
2024/03/09 (15:31:50) | ERROR: No UTF-8 locale detected!
Use --utf-force argument to force start if you're sure your terminal can handle it.

2024/03/25 (12:53:10) | ===> btop++ v.1.3.2
2024/03/25 (12:53:10) | ERROR: No UTF-8 locale detected!
Use --utf-force argument to force start if you're sure your terminal can handle it.

2024/03/25 (12:53:22) | ===> btop++ v.1.3.2
2024/03/25 (12:53:22) | ERROR: No UTF-8 locale detected!
Use --utf-force argument to force start if you're sure your terminal can handle it.

2024/03/25 (12:53:41) | ===> btop++ v.1.3.2
2024/03/25 (12:53:41) | WARNING: No UTF-8 locale detected! Forcing start with --utf-force argument.

2024/03/25 (12:58:31) | ===> btop++ v.1.3.2
2024/03/25 (12:58:31) | ERROR: No UTF-8 locale detected!
Use --utf-force argument to force start if you're sure your terminal can handle it.

2024/03/25 (12:58:47) | ===> btop++ v.1.3.2
2024/03/25 (12:58:47) | WARNING: No UTF-8 locale detected! Forcing start with --utf-force argument.

2024/03/25 (22:30:33) | ===> btop++ v.1.3.2
2024/03/25 (22:30:33) | ERROR: No UTF-8 locale detected!
Use --utf-force argument to force start if you're sure your terminal can handle it.

2024/03/25 (22:30:51) | ===> btop++ v.1.3.2
2024/03/25 (22:30:51) | WARNING: No UTF-8 locale detected! Forcing start with --utf-force argument.

2024/03/25 (22:37:17) | ===> btop++ v.1.3.2
2024/03/25 (22:37:17) | WARNING: No UTF-8 locale detected! Forcing start with --utf-force argument.

2024/03/25 (22:37:26) | ===> btop++ v.1.3.2
2024/03/25 (22:37:26) | ERROR: No UTF-8 locale detected!
Use --utf-force argument to force start if you're sure your terminal can handle it.

2024/03/25 (22:44:19) | ===> btop++ v.1.3.2
2024/03/25 (22:44:19) | ERROR: No UTF-8 locale detected!
Use --utf-force argument to force start if you're sure your terminal can handle it.

2024/03/25 (22:45:47) | ===> btop++ v.1.3.2
2024/03/25 (22:45:47) | WARNING: No UTF-8 locale detected! Forcing start with --utf-force argument.

2024/04/14 (15:48:18) | ===> btop++ v.1.3.2
2024/04/14 (15:48:18) | ERROR: No UTF-8 locale detected!
Use --utf-force argument to force start if you're sure your terminal can handle it.

2024/04/26 (20:01:16) | ===> btop++ v.1.3.2
2024/04/26 (20:01:16) | ERROR: No UTF-8 locale detected!
Use --utf-force argument to force start if you're sure your terminal can handle it.

2024/04/26 (20:01:25) | ===> btop++ v.1.3.2
2024/04/26 (20:01:25) | WARNING: No UTF-8 locale detected! Forcing start with --utf-force argument.

2024/04/26 (23:00:41) | ===> btop++ v.1.3.2
2024/04/26 (23:00:41) | WARNING: No UTF-8 locale detected! Forcing start with --utf-force argument.

2024/04/28 (17:02:00) | ===> btop++ v.1.3.2
2024/04/28 (17:02:00) | WARNING: No UTF-8 locale detected! Forcing start with --utf-force argument.

2024/05/02 (23:47:05) | ===> btop++ v.1.3.2
2024/05/02 (23:47:05) | WARNING: No UTF-8 locale detected! Forcing start with --utf-force argument.

2024/05/03 (20:47:02) | ===> btop++ v.1.3.2
2024/05/03 (20:47:02) | WARNING: No UTF-8 locale detected! Forcing start with --utf-force argument.

2024/05/03 (20:50:11) | ===> btop++ v.1.3.2
2024/05/03 (20:50:11) | WARNING: No UTF-8 locale detected! Forcing start with --utf-force argument.

2024/05/06 (00:08:32) | ===> btop++ v.1.3.2
2024/05/06 (00:08:32) | WARNING: No UTF-8 locale detected! Forcing start with --utf-force argument.

2024/05/06 (00:37:51) | ===> btop++ v.1.3.2
2024/05/06 (00:37:51) | WARNING: No UTF-8 locale detected! Forcing start with --utf-force argument.

2024/05/06 (00:38:41) | ===> btop++ v.1.3.2
2024/05/06 (00:38:41) | WARNING: No UTF-8 locale detected! Forcing start with --utf-force argument.

2024/05/06 (00:39:52) | ===> btop++ v.1.3.2
2024/05/06 (00:39:52) | WARNING: No UTF-8 locale detected! Forcing start with --utf-force argument.

2024/05/07 (00:05:50) | ===> btop++ v.1.3.2
2024/05/07 (00:05:50) | WARNING: No UTF-8 locale detected! Forcing start with --utf-force argument.

2024/05/23 (01:01:04) | ===> btop++ v.1.3.2
2024/05/23 (01:01:04) | WARNING: No UTF-8 locale detected! Forcing start with --utf-force argument.

2024/05/28 (16:33:02) | ===> btop++ v.1.3.2
2024/05/28 (16:33:02) | WARNING: No UTF-8 locale detected! Forcing start with --utf-force argument.

2024/07/09 (20:30:41) | ===> btop++ v.1.3.2
2024/07/09 (20:30:41) | WARNING: Failed to get disk/partition stats for mount "/mnt/74A820F9A820BB8C" with statvfs error code: 107. Ignoring...
2024/07/09 (20:30:41) | WARNING: Failed to get disk/partition stats for mount "/mnt/F8E20E1CE20DE02C" with statvfs error code: 107. Ignoring...

2024/07/11 (02:11:29) | ===> btop++ v.1.3.2
2024/07/11 (02:11:29) | WARNING: Failed to get disk/partition stats for mount "/mnt/F8E20E1CE20DE02C" with statvfs error code: 107. Ignoring...
2024/07/11 (02:11:29) | WARNING: Failed to get disk/partition stats for mount "/mnt/74A820F9A820BB8C" with statvfs error code: 107. Ignoring...

2024/07/14 (20:13:13) | ===> btop++ v.1.3.2
2024/07/14 (20:13:13) | ERROR: No UTF-8 locale detected!
Use --utf-force argument to force start if you're sure your terminal can handle it.

2024/07/14 (23:27:26) | ===> btop++ v.1.3.2
2024/07/14 (23:27:26) | WARNING: Failed to get disk/partition stats for mount "/mnt/F8E20E1CE20DE02C" with statvfs error code: 107. Ignoring...
2024/07/14 (23:27:26) | WARNING: Failed to get disk/partition stats for mount "/mnt/74A820F9A820BB8C" with statvfs error code: 107. Ignoring...

2024/07/28 (19:09:20) | ===> btop++ v.1.3.2
2024/07/28 (19:09:20) | ERROR: Exception during Config::unlock() : unordered_map::at

2024/07/28 (19:09:36) | ===> btop++ v.1.3.2
2024/07/28 (19:09:36) | ERROR: Exception during Config::unlock() : unordered_map::at

2024/08/16 (00:06:13) | ===> btop++ v.1.3.2
2024/08/16 (00:06:13) | WARNING: No UTF-8 locale detected! Forcing start with --utf-force argument.

2024/08/16 (00:07:36) | ===> btop++ v.1.3.2
2024/08/16 (00:07:36) | WARNING: No UTF-8 locale detected! Forcing start with --utf-force argument.

2024/08/16 (00:07:39) | ===> btop++ v.1.3.2
2024/08/16 (00:07:39) | ERROR: No UTF-8 locale detected!
Use --utf-force argument to force start if you're sure your terminal can handle it.

2024/08/16 (00:11:30) | ===> btop++ v.1.3.2
2024/08/16 (00:11:30) | WARNING: No UTF-8 locale detected! Forcing start with --utf-force argument.

2024/08/16 (00:11:38) | ===> btop++ v.1.3.2
2024/08/16 (00:11:38) | WARNING: No UTF-8 locale detected! Forcing start with --utf-force argument.

2024/08/16 (20:36:07) | ===> btop++ v.1.3.2
2024/08/16 (20:36:07) | WARNING: No UTF-8 locale detected! Forcing start with --utf-force argument.

2024/08/17 (23:41:20) | ===> btop++ v.1.3.2
2024/08/17 (23:41:20) | WARNING: No UTF-8 locale detected! Forcing start with --utf-force argument.

2024/10/02 (18:29:30) | ===> btop++ v.1.4.0
2024/10/02 (18:29:30) | WARNING: Intel GPU: Failed to initialize PMU

2024/10/23 (18:42:33) | ===> btop++ v.1.4.0
2024/10/23 (18:42:33) | WARNING: Intel GPU: Failed to initialize PMU

2024/11/24 (22:45:33) | ===> btop++ v.1.4.0
2024/11/24 (22:45:33) | WARNING: Intel GPU: Failed to initialize PMU

2024/12/26 (22:51:30) | ===> btop++ v.1.4.0
2024/12/26 (22:51:30) | WARNING: Intel GPU: Failed to initialize PMU

2024/12/27 (01:53:59) | ===> btop++ v.1.4.0
2024/12/27 (01:53:59) | WARNING: Intel GPU: Failed to initialize PMU

2024/12/27 (12:37:49) | ===> btop++ v.1.4.0
2024/12/27 (12:37:49) | WARNING: Intel GPU: Failed to initialize PMU

2024/12/27 (23:48:33) | ===> btop++ v.1.4.0
2024/12/27 (23:48:33) | ERROR: No tty detected!
btop++ needs an interactive shell to run.

2024/12/27 (23:50:14) | ===> btop++ v.1.4.0
2024/12/27 (23:50:14) | WARNING: Intel GPU: Failed to initialize PMU

2024/12/28 (00:02:19) | ===> btop++ v.1.4.0
2024/12/28 (00:02:19) | WARNING: Intel GPU: Failed to initialize PMU

2024/12/31 (02:17:33) | ===> btop++ v.1.4.0
2024/12/31 (02:17:33) | WARNING: Intel GPU: Failed to initialize PMU

2024/12/31 (02:18:18) | ===> btop++ v.1.4.0
2024/12/31 (02:18:18) | WARNING: Intel GPU: Failed to initialize PMU

2024/12/31 (13:20:21) | ===> btop++ v.1.4.0
2024/12/31 (13:20:21) | WARNING: Intel GPU: Failed to initialize PMU

2024/12/31 (16:41:45) | ===> btop++ v.1.4.0
2024/12/31 (16:41:45) | WARNING: Intel GPU: Failed to initialize PMU

2024/12/31 (16:42:00) | ===> btop++ v.1.4.0
2024/12/31 (16:42:00) | WARNING: Intel GPU: Failed to initialize PMU

2024/12/31 (17:04:08) | ===> btop++ v.1.4.0
2024/12/31 (17:04:08) | WARNING: Intel GPU: Failed to initialize PMU

2025/01/01 (00:42:54) | ===> btop++ v.1.4.0
2025/01/01 (00:42:54) | WARNING: Intel GPU: Failed to initialize PMU

2025/01/03 (00:38:08) | ===> btop++ v.1.4.0
2025/01/03 (00:38:08) | WARNING: Intel GPU: Failed to initialize PMU

2025/01/03 (01:12:44) | ===> btop++ v.1.4.0
2025/01/03 (01:12:44) | WARNING: Intel GPU: Failed to initialize PMU

2025/01/03 (01:43:27) | ===> btop++ v.1.4.0
2025/01/03 (01:43:27) | WARNING: Intel GPU: Failed to initialize PMU

2025/01/05 (23:55:16) | ===> btop++ v.1.4.0
2025/01/05 (23:55:16) | WARNING: Intel GPU: Failed to initialize PMU

2025/01/07 (19:34:08) | ===> btop++ v.1.4.0
2025/01/07 (19:34:08) | WARNING: Intel GPU: Failed to initialize PMU

2025/01/08 (02:15:35) | ===> btop++ v.1.4.0
2025/01/08 (02:15:35) | WARNING: Intel GPU: Failed to initialize PMU

2025/01/11 (14:25:13) | ===> btop++ v.1.4.0
2025/01/11 (14:25:13) | WARNING: Intel GPU: Failed to initialize PMU

2025/01/11 (23:23:00) | ===> btop++ v.1.4.0
2025/01/11 (23:23:00) | WARNING: Intel GPU: Failed to initialize PMU

2025/01/14 (16:10:55) | ===> btop++ v.1.4.0
2025/01/14 (16:10:55) | WARNING: Intel GPU: Failed to initialize PMU

2025/01/18 (23:14:40) | ===> btop++ v.1.4.0
2025/01/18 (23:14:40) | WARNING: Intel GPU: Failed to initialize PMU

2025/01/19 (23:48:43) | ===> btop++ v.1.4.0
2025/01/19 (23:48:43) | WARNING: Intel GPU: Failed to initialize PMU

2025/01/20 (16:11:52) | ===> btop++ v.1.4.0
2025/01/20 (16:11:52) | WARNING: Intel GPU: Failed to initialize PMU

2025/01/22 (16:36:47) | ===> btop++ v.1.4.0
2025/01/22 (16:36:47) | WARNING: Intel GPU: Failed to initialize PMU

2025/01/22 (16:46:42) | ===> btop++ v.1.4.0
2025/01/22 (16:46:42) | WARNING: Intel GPU: Failed to initialize PMU
